build/app/intermediates/manifest_merge_blame_file/debug/manifest-merger-blame-debug-report.txt
1<?xml version="1.0" encoding="utf-8"?>
2<manifest xmlns:android="http://schemas.android.com/apk/res/android"
3    package="com.example.job_search_app"
4    android:versionCode="1"
5    android:versionName="1.0.0" >
6
7    <uses-sdk
8        android:minSdkVersion="21"
9        android:targetSdkVersion="30" />
10    <!--
11         The INTERNET permission is required for development. Specifically,
12         the Flutter tool needs it to communicate with the running application
13         to allow setting breakpoints, to provide hot reload, etc.
14    -->
15    <uses-permission android:name="android.permission.INTERNET" />
15-->src/debug/AndroidManifest.xml:6:5-66
15-->src/debug/AndroidManifest.xml:6:22-64
16    <uses-permission android:name="android.permission.ACCESS_NETWORK_STATE" /> <!-- Create a unique permission for your app and use it so only your app can receive your OneSignal messages. -->
16-->[com.google.firebase:firebase-auth:22.1.0] AndroidManifest.xml:26:5-79
16-->[com.google.firebase:firebase-auth:22.1.0] AndroidManifest.xml:26:22-76
17    <permission
17-->[com.onesignal:OneSignal:4.8.5] AndroidManifest.xml:7:5-9:47
18        android:name="com.example.job_search_app.permission.C2D_MESSAGE"
18-->[com.onesignal:OneSignal:4.8.5] AndroidManifest.xml:8:9-63
19        android:protectionLevel="signature" />
19-->[com.onesignal:OneSignal:4.8.5] AndroidManifest.xml:9:9-44
20
21    <uses-permission android:name="com.example.job_search_app.permission.C2D_MESSAGE" /> <!-- OneSignal SDK has runtime checks Android version. -->
21-->[com.onesignal:OneSignal:4.8.5] AndroidManifest.xml:11:5-79
21-->[com.onesignal:OneSignal:4.8.5] AndroidManifest.xml:11:22-76
22    <!-- <uses-sdk tools:overrideLibrary="android.support.customtabs"/> -->
23    <!-- Required runtime permission to display notifications on Android 13 -->
24    <uses-permission android:name="android.permission.POST_NOTIFICATIONS" /> <!-- c2dm RECEIVE are basic requirements for push messages through Google's FCM -->
24-->[com.onesignal:OneSignal:4.8.5] AndroidManifest.xml:16:5-77
24-->[com.onesignal:OneSignal:4.8.5] AndroidManifest.xml:16:22-74
25    <uses-permission android:name="com.google.android.c2dm.permission.RECEIVE" /> <!-- Required, makes sure notifications are delivered on time. -->
25-->[com.onesignal:OneSignal:4.8.5] AndroidManifest.xml:18:5-82
25-->[com.onesignal:OneSignal:4.8.5] AndroidManifest.xml:18:22-79
26    <uses-permission android:name="android.permission.WAKE_LOCK" />
26-->[com.onesignal:OneSignal:4.8.5] AndroidManifest.xml:19:5-68
26-->[com.onesignal:OneSignal:4.8.5] AndroidManifest.xml:19:22-65
27    <!--
28 Required so the device vibrates on receiving a push notification.
29         Vibration settings of the device still apply.
30    -->
31    <uses-permission android:name="android.permission.VIBRATE" />
31-->[com.onesignal:OneSignal:4.8.5] AndroidManifest.xml:24:5-66
31-->[com.onesignal:OneSignal:4.8.5] AndroidManifest.xml:24:22-63
32    <!--
33 Use to restore notifications the user hasn't interacted with.
34         They could be missed notifications if the user reboots their device if this isn't in place.
35    -->
36    <uses-permission android:name="android.permission.RECEIVE_BOOT_COMPLETED" /> <!-- START: ShortcutBadger -->
36-->[com.onesignal:OneSignal:4.8.5] AndroidManifest.xml:30:5-81
36-->[com.onesignal:OneSignal:4.8.5] AndroidManifest.xml:30:22-78
37    <!-- Samsung -->
38    <uses-permission android:name="com.sec.android.provider.badge.permission.READ" />
38-->[com.onesignal:OneSignal:4.8.5] AndroidManifest.xml:32:5-86
38-->[com.onesignal:OneSignal:4.8.5] AndroidManifest.xml:32:22-83
39    <uses-permission android:name="com.sec.android.provider.badge.permission.WRITE" /> <!-- HTC -->
39-->[com.onesignal:OneSignal:4.8.5] AndroidManifest.xml:33:5-87
39-->[com.onesignal:OneSignal:4.8.5] AndroidManifest.xml:33:22-84
40    <uses-permission android:name="com.htc.launcher.permission.READ_SETTINGS" />
40-->[com.onesignal:OneSignal:4.8.5] AndroidManifest.xml:34:5-81
40-->[com.onesignal:OneSignal:4.8.5] AndroidManifest.xml:34:22-78
41    <uses-permission android:name="com.htc.launcher.permission.UPDATE_SHORTCUT" /> <!-- Sony -->
41-->[com.onesignal:OneSignal:4.8.5] AndroidManifest.xml:35:5-83
41-->[com.onesignal:OneSignal:4.8.5] AndroidManifest.xml:35:22-80
42    <uses-permission android:name="com.sonyericsson.home.permission.BROADCAST_BADGE" />
42-->[com.onesignal:OneSignal:4.8.5] AndroidManifest.xml:36:5-88
42-->[com.onesignal:OneSignal:4.8.5] AndroidManifest.xml:36:22-85
43    <uses-permission android:name="com.sonymobile.home.permission.PROVIDER_INSERT_BADGE" /> <!-- Apex -->
43-->[com.onesignal:OneSignal:4.8.5] AndroidManifest.xml:37:5-92
43-->[com.onesignal:OneSignal:4.8.5] AndroidManifest.xml:37:22-89
44    <uses-permission android:name="com.anddoes.launcher.permission.UPDATE_COUNT" /> <!-- Solid -->
44-->[com.onesignal:OneSignal:4.8.5] AndroidManifest.xml:38:5-84
44-->[com.onesignal:OneSignal:4.8.5] AndroidManifest.xml:38:22-81
45    <uses-permission android:name="com.majeur.launcher.permission.UPDATE_BADGE" /> <!-- Huawei -->
45-->[com.onesignal:OneSignal:4.8.5] AndroidManifest.xml:39:5-83
45-->[com.onesignal:OneSignal:4.8.5] AndroidManifest.xml:39:22-80
46    <uses-permission android:name="com.huawei.android.launcher.permission.CHANGE_BADGE" />
46-->[com.onesignal:OneSignal:4.8.5] AndroidManifest.xml:40:5-91
46-->[com.onesignal:OneSignal:4.8.5] AndroidManifest.xml:40:22-88
47    <uses-permission android:name="com.huawei.android.launcher.permission.READ_SETTINGS" />
47-->[com.onesignal:OneSignal:4.8.5] AndroidManifest.xml:41:5-92
47-->[com.onesignal:OneSignal:4.8.5] AndroidManifest.xml:41:22-89
48    <uses-permission android:name="com.huawei.android.launcher.permission.WRITE_SETTINGS" /> <!-- ZUK -->
48-->[com.onesignal:OneSignal:4.8.5] AndroidManifest.xml:42:5-93
48-->[com.onesignal:OneSignal:4.8.5] AndroidManifest.xml:42:22-90
49    <uses-permission android:name="android.permission.READ_APP_BADGE" /> <!-- OPPO -->
49-->[com.onesignal:OneSignal:4.8.5] AndroidManifest.xml:43:5-73
49-->[com.onesignal:OneSignal:4.8.5] AndroidManifest.xml:43:22-70
50    <uses-permission android:name="com.oppo.launcher.permission.READ_SETTINGS" />
50-->[com.onesignal:OneSignal:4.8.5] AndroidManifest.xml:44:5-82
50-->[com.onesignal:OneSignal:4.8.5] AndroidManifest.xml:44:22-79
51    <uses-permission android:name="com.oppo.launcher.permission.WRITE_SETTINGS" /> <!-- EvMe -->
51-->[com.onesignal:OneSignal:4.8.5] AndroidManifest.xml:45:5-83
51-->[com.onesignal:OneSignal:4.8.5] AndroidManifest.xml:45:22-80
52    <uses-permission android:name="me.everything.badger.permission.BADGE_COUNT_READ" />
52-->[com.onesignal:OneSignal:4.8.5] AndroidManifest.xml:46:5-88
52-->[com.onesignal:OneSignal:4.8.5] AndroidManifest.xml:46:22-85
53    <uses-permission android:name="me.everything.badger.permission.BADGE_COUNT_WRITE" />
53-->[com.onesignal:OneSignal:4.8.5] AndroidManifest.xml:47:5-89
53-->[com.onesignal:OneSignal:4.8.5] AndroidManifest.xml:47:22-86
54    <uses-permission android:name="com.google.android.gms.permission.AD_ID" />
54-->[com.google.android.gms:play-services-measurement-api:21.3.0] AndroidManifest.xml:25:5-79
54-->[com.google.android.gms:play-services-measurement-api:21.3.0] AndroidManifest.xml:25:22-76
55
56    <queries>
56-->[com.facebook.android:facebook-common:16.0.1] AndroidManifest.xml:17:5-19:15
57        <package android:name="com.facebook.katana" />
57-->[com.facebook.android:facebook-common:16.0.1] AndroidManifest.xml:18:9-55
57-->[com.facebook.android:facebook-common:16.0.1] AndroidManifest.xml:18:18-52
58    </queries>
59
60    <uses-permission android:name="android.permission.FOREGROUND_SERVICE" />
60-->[androidx.work:work-runtime:2.7.1] AndroidManifest.xml:28:5-77
60-->[androidx.work:work-runtime:2.7.1] AndroidManifest.xml:28:22-74
61    <uses-permission android:name="com.google.android.finsky.permission.BIND_GET_INSTALL_REFERRER_SERVICE" />
61-->[com.google.android.gms:play-services-measurement:21.3.0] AndroidManifest.xml:26:5-110
61-->[com.google.android.gms:play-services-measurement:21.3.0] AndroidManifest.xml:26:22-107
62
63    <permission
63-->[androidx.core:core:1.10.1] AndroidManifest.xml:22:5-24:47
64        android:name="com.example.job_search_app.DYNAMIC_RECEIVER_NOT_EXPORTED_PERMISSION"
64-->[androidx.core:core:1.10.1] AndroidManifest.xml:23:9-81
65        android:protectionLevel="signature" />
65-->[androidx.core:core:1.10.1] AndroidManifest.xml:24:9-44
66
67    <uses-permission android:name="com.example.job_search_app.DYNAMIC_RECEIVER_NOT_EXPORTED_PERMISSION" />
67-->[androidx.core:core:1.10.1] AndroidManifest.xml:26:5-97
67-->[androidx.core:core:1.10.1] AndroidManifest.xml:26:22-94
68
69    <application
70        android:name="android.app.Application"
71        android:appComponentFactory="androidx.core.app.CoreComponentFactory"
71-->[androidx.core:core:1.10.1] AndroidManifest.xml:28:18-86
72        android:debuggable="true"
73        android:icon="@mipmap/launcher_icon"
74        android:label="Jobizz"
75        android:supportsRtl="true" >
75-->[com.facebook.android:facebook-android-sdk:8.2.0] AndroidManifest.xml:28:18-44
76        <activity
77            android:name="com.example.job_search_app.MainActivity"
78            android:configChanges="orientation|keyboardHidden|keyboard|screenSize|smallestScreenSize|locale|layoutDirection|fontScale|screenLayout|density|uiMode"
79            android:exported="true"
80            android:hardwareAccelerated="true"
81            android:launchMode="singleTop"
82            android:theme="@style/LaunchTheme"
83            android:windowSoftInputMode="adjustResize" >
84
85            <!--
86                 Specifies an Android theme to apply to this Activity as soon as
87                 the Android process has started. This theme is visible to the user
88                 while the Flutter UI initializes. After that, this theme continues
89                 to determine the Window background behind the Flutter UI.
90            -->
91            <meta-data
92                android:name="io.flutter.embedding.android.NormalTheme"
93                android:resource="@style/NormalTheme" />
94
95            <intent-filter>
96                <action android:name="android.intent.action.MAIN" />
97
98                <category android:name="android.intent.category.LAUNCHER" />
99            </intent-filter>
100        </activity>
101        <!--
102             Don't delete the meta-data below.
103             This is used by the Flutter tool to generate GeneratedPluginRegistrant.java
104        -->
105        <meta-data
106            android:name="flutterEmbedding"
107            android:value="2" />
108
109        <service
109-->[:firebase_auth] AndroidManifest.xml:10:9-14:19
110            android:name="com.google.firebase.components.ComponentDiscoveryService"
110-->[:firebase_auth] AndroidManifest.xml:10:18-89
111            android:directBootAware="true"
111-->[com.google.firebase:firebase-common:20.3.3] AndroidManifest.xml:34:13-43
112            android:exported="false" >
112-->[com.google.firebase:firebase-auth:22.1.0] AndroidManifest.xml:68:13-37
113            <meta-data
113-->[:firebase_auth] AndroidManifest.xml:11:13-13:85
114                android:name="com.google.firebase.components:io.flutter.plugins.firebase.auth.FlutterFirebaseAuthRegistrar"
114-->[:firebase_auth] AndroidManifest.xml:12:17-124
115                android:value="com.google.firebase.components.ComponentRegistrar" />
115-->[:firebase_auth] AndroidManifest.xml:13:17-82
116            <meta-data
116-->[:cloud_firestore] AndroidManifest.xml:11:13-13:85
117                android:name="com.google.firebase.components:io.flutter.plugins.firebase.firestore.FlutterFirebaseFirestoreRegistrar"
117-->[:cloud_firestore] AndroidManifest.xml:12:17-134
118                android:value="com.google.firebase.components.ComponentRegistrar" />
118-->[:cloud_firestore] AndroidManifest.xml:13:17-82
119            <meta-data
119-->[:firebase_core] AndroidManifest.xml:11:13-13:85
120                android:name="com.google.firebase.components:io.flutter.plugins.firebase.core.FlutterFirebaseCoreRegistrar"
120-->[:firebase_core] AndroidManifest.xml:12:17-124
121                android:value="com.google.firebase.components.ComponentRegistrar" />
121-->[:firebase_core] AndroidManifest.xml:13:17-82
122            <meta-data
122-->[com.google.firebase:firebase-auth:22.1.0] AndroidManifest.xml:69:13-71:85
123                android:name="com.google.firebase.components:com.google.firebase.auth.FirebaseAuthRegistrar"
123-->[com.google.firebase:firebase-auth:22.1.0] AndroidManifest.xml:70:17-109
124                android:value="com.google.firebase.components.ComponentRegistrar" />
124-->[com.google.firebase:firebase-auth:22.1.0] AndroidManifest.xml:71:17-82
125            <meta-data
125-->[com.google.firebase:firebase-messaging:23.2.0] AndroidManifest.xml:55:13-57:85
126                android:name="com.google.firebase.components:com.google.firebase.messaging.FirebaseMessagingRegistrar"
126-->[com.google.firebase:firebase-messaging:23.2.0] AndroidManifest.xml:56:17-119
127                android:value="com.google.firebase.components.ComponentRegistrar" />
127-->[com.google.firebase:firebase-messaging:23.2.0] AndroidManifest.xml:57:17-82
128            <meta-data
128-->[com.google.firebase:firebase-datatransport:18.1.7] AndroidManifest.xml:27:13-29:85
129                android:name="com.google.firebase.components:com.google.firebase.datatransport.TransportRegistrar"
129-->[com.google.firebase:firebase-datatransport:18.1.7] AndroidManifest.xml:28:17-115
130                android:value="com.google.firebase.components.ComponentRegistrar" />
130-->[com.google.firebase:firebase-datatransport:18.1.7] AndroidManifest.xml:29:17-82
131            <meta-data
131-->[com.google.firebase:firebase-firestore:24.7.0] AndroidManifest.xml:19:13-21:85
132                android:name="com.google.firebase.components:com.google.firebase.firestore.FirestoreRegistrar"
132-->[com.google.firebase:firebase-firestore:24.7.0] AndroidManifest.xml:20:17-111
133                android:value="com.google.firebase.components.ComponentRegistrar" />
133-->[com.google.firebase:firebase-firestore:24.7.0] AndroidManifest.xml:21:17-82
134            <meta-data
134-->[com.google.android.gms:play-services-measurement-api:21.3.0] AndroidManifest.xml:31:13-33:85
135                android:name="com.google.firebase.components:com.google.firebase.analytics.connector.internal.AnalyticsConnectorRegistrar"
135-->[com.google.android.gms:play-services-measurement-api:21.3.0] AndroidManifest.xml:32:17-139
136                android:value="com.google.firebase.components.ComponentRegistrar" />
136-->[com.google.android.gms:play-services-measurement-api:21.3.0] AndroidManifest.xml:33:17-82
137            <meta-data
137-->[com.google.firebase:firebase-installations:17.1.3] AndroidManifest.xml:17:13-19:85
138                android:name="com.google.firebase.components:com.google.firebase.installations.FirebaseInstallationsRegistrar"
138-->[com.google.firebase:firebase-installations:17.1.3] AndroidManifest.xml:18:17-127
139                android:value="com.google.firebase.components.ComponentRegistrar" />
139-->[com.google.firebase:firebase-installations:17.1.3] AndroidManifest.xml:19:17-82
140        </service>
141
142        <activity
142-->[:url_launcher_android] AndroidManifest.xml:10:9-13:74
143            android:name="io.flutter.plugins.urllauncher.WebViewActivity"
143-->[:url_launcher_android] AndroidManifest.xml:11:13-74
144            android:exported="false"
144-->[:url_launcher_android] AndroidManifest.xml:12:13-37
145            android:theme="@android:style/Theme.NoTitleBar.Fullscreen" />
145-->[:url_launcher_android] AndroidManifest.xml:13:13-71
146        <activity
146-->[com.google.firebase:firebase-auth:22.1.0] AndroidManifest.xml:29:9-46:20
147            android:name="com.google.firebase.auth.internal.GenericIdpActivity"
147-->[com.google.firebase:firebase-auth:22.1.0] AndroidManifest.xml:30:13-80
148            android:excludeFromRecents="true"
148-->[com.google.firebase:firebase-auth:22.1.0] AndroidManifest.xml:31:13-46
149            android:exported="true"
149-->[com.google.firebase:firebase-auth:22.1.0] AndroidManifest.xml:32:13-36
150            android:launchMode="singleTask"
150-->[com.google.firebase:firebase-auth:22.1.0] AndroidManifest.xml:33:13-44
151            android:theme="@android:style/Theme.Translucent.NoTitleBar" >
151-->[com.google.firebase:firebase-auth:22.1.0] AndroidManifest.xml:34:13-72
152            <intent-filter>
152-->[com.google.firebase:firebase-auth:22.1.0] AndroidManifest.xml:35:13-45:29
153                <action android:name="android.intent.action.VIEW" />
153-->[com.google.firebase:firebase-auth:22.1.0] AndroidManifest.xml:36:17-69
153-->[com.google.firebase:firebase-auth:22.1.0] AndroidManifest.xml:36:25-66
154
155                <category android:name="android.intent.category.DEFAULT" />
155-->[com.google.firebase:firebase-auth:22.1.0] AndroidManifest.xml:38:17-76
155-->[com.google.firebase:firebase-auth:22.1.0] AndroidManifest.xml:38:27-73
156                <category android:name="android.intent.category.BROWSABLE" />
156-->[com.google.firebase:firebase-auth:22.1.0] AndroidManifest.xml:39:17-78
156-->[com.google.firebase:firebase-auth:22.1.0] AndroidManifest.xml:39:27-75
157
158                <data
158-->[com.google.firebase:firebase-auth:22.1.0] AndroidManifest.xml:41:17-44:51
159                    android:host="firebase.auth"
159-->[com.google.firebase:firebase-auth:22.1.0] AndroidManifest.xml:42:21-49
160                    android:path="/"
160-->[com.google.firebase:firebase-auth:22.1.0] AndroidManifest.xml:43:21-37
161                    android:scheme="genericidp" />
161-->[com.google.firebase:firebase-auth:22.1.0] AndroidManifest.xml:44:21-48
162            </intent-filter>
163        </activity>
164        <activity
164-->[com.google.firebase:firebase-auth:22.1.0] AndroidManifest.xml:47:9-64:20
165            android:name="com.google.firebase.auth.internal.RecaptchaActivity"
165-->[com.google.firebase:firebase-auth:22.1.0] AndroidManifest.xml:48:13-79
166            android:excludeFromRecents="true"
166-->[com.google.firebase:firebase-auth:22.1.0] AndroidManifest.xml:49:13-46
167            android:exported="true"
167-->[com.google.firebase:firebase-auth:22.1.0] AndroidManifest.xml:50:13-36
168            android:launchMode="singleTask"
168-->[com.google.firebase:firebase-auth:22.1.0] AndroidManifest.xml:51:13-44
169            android:theme="@android:style/Theme.Translucent.NoTitleBar" >
169-->[com.google.firebase:firebase-auth:22.1.0] AndroidManifest.xml:52:13-72
170            <intent-filter>
170-->[com.google.firebase:firebase-auth:22.1.0] AndroidManifest.xml:53:13-63:29
171                <action android:name="android.intent.action.VIEW" />
171-->[com.google.firebase:firebase-auth:22.1.0] AndroidManifest.xml:36:17-69
171-->[com.google.firebase:firebase-auth:22.1.0] AndroidManifest.xml:36:25-66
172
173                <category android:name="android.intent.category.DEFAULT" />
173-->[com.google.firebase:firebase-auth:22.1.0] AndroidManifest.xml:38:17-76
173-->[com.google.firebase:firebase-auth:22.1.0] AndroidManifest.xml:38:27-73
174                <category android:name="android.intent.category.BROWSABLE" />
174-->[com.google.firebase:firebase-auth:22.1.0] AndroidManifest.xml:39:17-78
174-->[com.google.firebase:firebase-auth:22.1.0] AndroidManifest.xml:39:27-75
175
176                <data
176-->[com.google.firebase:firebase-auth:22.1.0] AndroidManifest.xml:41:17-44:51
177                    android:host="firebase.auth"
177-->[com.google.firebase:firebase-auth:22.1.0] AndroidManifest.xml:42:21-49
178                    android:path="/"
178-->[com.google.firebase:firebase-auth:22.1.0] AndroidManifest.xml:43:21-37
179                    android:scheme="recaptcha" />
179-->[com.google.firebase:firebase-auth:22.1.0] AndroidManifest.xml:44:21-48
180            </intent-filter>
181        </activity>
182
183        <receiver
183-->[com.onesignal:OneSignal:4.8.5] AndroidManifest.xml:50:9-61:20
184            android:name="com.onesignal.FCMBroadcastReceiver"
184-->[com.onesignal:OneSignal:4.8.5] AndroidManifest.xml:51:13-62
185            android:exported="true"
185-->[com.onesignal:OneSignal:4.8.5] AndroidManifest.xml:52:13-36
186            android:permission="com.google.android.c2dm.permission.SEND" >
186-->[com.onesignal:OneSignal:4.8.5] AndroidManifest.xml:53:13-73
187
188            <!-- High priority so OneSignal payloads can be filtered from other FCM receivers -->
189            <intent-filter android:priority="999" >
189-->[com.onesignal:OneSignal:4.8.5] AndroidManifest.xml:56:13-60:29
189-->[com.onesignal:OneSignal:4.8.5] AndroidManifest.xml:56:28-50
190                <action android:name="com.google.android.c2dm.intent.RECEIVE" />
190-->[com.onesignal:OneSignal:4.8.5] AndroidManifest.xml:57:17-81
190-->[com.onesignal:OneSignal:4.8.5] AndroidManifest.xml:57:25-78
191
192                <category android:name="com.example.job_search_app" />
192-->[com.onesignal:OneSignal:4.8.5] AndroidManifest.xml:59:17-61
192-->[com.onesignal:OneSignal:4.8.5] AndroidManifest.xml:59:27-58
193            </intent-filter>
194        </receiver>
195
196        <service
196-->[com.onesignal:OneSignal:4.8.5] AndroidManifest.xml:63:9-69:19
197            android:name="com.onesignal.HmsMessageServiceOneSignal"
197-->[com.onesignal:OneSignal:4.8.5] AndroidManifest.xml:64:13-68
198            android:exported="false" >
198-->[com.onesignal:OneSignal:4.8.5] AndroidManifest.xml:65:13-37
199            <intent-filter>
199-->[com.onesignal:OneSignal:4.8.5] AndroidManifest.xml:66:13-68:29
200                <action android:name="com.huawei.push.action.MESSAGING_EVENT" />
200-->[com.onesignal:OneSignal:4.8.5] AndroidManifest.xml:67:17-81
200-->[com.onesignal:OneSignal:4.8.5] AndroidManifest.xml:67:25-78
201            </intent-filter>
202        </service>
203
204        <activity
204-->[com.onesignal:OneSignal:4.8.5] AndroidManifest.xml:71:9-79:20
205            android:name="com.onesignal.NotificationOpenedActivityHMS"
205-->[com.onesignal:OneSignal:4.8.5] AndroidManifest.xml:72:13-71
206            android:exported="true"
206-->[com.onesignal:OneSignal:4.8.5] AndroidManifest.xml:73:13-36
207            android:noHistory="true"
207-->[com.onesignal:OneSignal:4.8.5] AndroidManifest.xml:74:13-37
208            android:theme="@android:style/Theme.Translucent.NoTitleBar" >
208-->[com.onesignal:OneSignal:4.8.5] AndroidManifest.xml:75:13-72
209            <intent-filter>
209-->[com.onesignal:OneSignal:4.8.5] AndroidManifest.xml:76:13-78:29
210                <action android:name="android.intent.action.VIEW" />
210-->[com.google.firebase:firebase-auth:22.1.0] AndroidManifest.xml:36:17-69
210-->[com.google.firebase:firebase-auth:22.1.0] AndroidManifest.xml:36:25-66
211            </intent-filter>
212        </activity>
213
214        <service
214-->[com.onesignal:OneSignal:4.8.5] AndroidManifest.xml:81:9-83:40
215            android:name="com.onesignal.FCMIntentService"
215-->[com.onesignal:OneSignal:4.8.5] AndroidManifest.xml:82:13-58
216            android:exported="false" />
216-->[com.onesignal:OneSignal:4.8.5] AndroidManifest.xml:83:13-37
217        <service
217-->[com.onesignal:OneSignal:4.8.5] AndroidManifest.xml:84:9-87:72
218            android:name="com.onesignal.FCMIntentJobService"
218-->[com.onesignal:OneSignal:4.8.5] AndroidManifest.xml:85:13-61
219            android:exported="false"
219-->[com.onesignal:OneSignal:4.8.5] AndroidManifest.xml:86:13-37
220            android:permission="android.permission.BIND_JOB_SERVICE" />
220-->[com.onesignal:OneSignal:4.8.5] AndroidManifest.xml:87:13-69
221        <service
221-->[com.onesignal:OneSignal:4.8.5] AndroidManifest.xml:88:9-91:43
222            android:name="com.onesignal.SyncService"
222-->[com.onesignal:OneSignal:4.8.5] AndroidManifest.xml:89:13-53
223            android:exported="false"
223-->[com.onesignal:OneSignal:4.8.5] AndroidManifest.xml:90:13-37
224            android:stopWithTask="true" />
224-->[com.onesignal:OneSignal:4.8.5] AndroidManifest.xml:91:13-40
225        <service
225-->[com.onesignal:OneSignal:4.8.5] AndroidManifest.xml:92:9-95:72
226            android:name="com.onesignal.SyncJobService"
226-->[com.onesignal:OneSignal:4.8.5] AndroidManifest.xml:93:13-56
227            android:exported="false"
227-->[com.onesignal:OneSignal:4.8.5] AndroidManifest.xml:94:13-37
228            android:permission="android.permission.BIND_JOB_SERVICE" />
228-->[com.onesignal:OneSignal:4.8.5] AndroidManifest.xml:95:13-69
229
230        <activity
230-->[com.onesignal:OneSignal:4.8.5] AndroidManifest.xml:97:9-100:75
231            android:name="com.onesignal.PermissionsActivity"
231-->[com.onesignal:OneSignal:4.8.5] AndroidManifest.xml:98:13-61
232            android:exported="false"
232-->[com.onesignal:OneSignal:4.8.5] AndroidManifest.xml:99:13-37
233            android:theme="@android:style/Theme.Translucent.NoTitleBar" />
233-->[com.onesignal:OneSignal:4.8.5] AndroidManifest.xml:100:13-72
234
235        <receiver
235-->[com.onesignal:OneSignal:4.8.5] AndroidManifest.xml:102:9-104:39
236            android:name="com.onesignal.NotificationDismissReceiver"
236-->[com.onesignal:OneSignal:4.8.5] AndroidManifest.xml:103:13-69
237            android:exported="true" />
237-->[com.onesignal:OneSignal:4.8.5] AndroidManifest.xml:104:13-36
238        <receiver
238-->[com.onesignal:OneSignal:4.8.5] AndroidManifest.xml:105:9-112:20
239            android:name="com.onesignal.BootUpReceiver"
239-->[com.onesignal:OneSignal:4.8.5] AndroidManifest.xml:106:13-56
240            android:exported="true" >
240-->[com.onesignal:OneSignal:4.8.5] AndroidManifest.xml:107:13-36
241            <intent-filter>
241-->[com.onesignal:OneSignal:4.8.5] AndroidManifest.xml:108:13-111:29
242                <action android:name="android.intent.action.BOOT_COMPLETED" />
242-->[com.onesignal:OneSignal:4.8.5] AndroidManifest.xml:109:17-79
242-->[com.onesignal:OneSignal:4.8.5] AndroidManifest.xml:109:25-76
243                <action android:name="android.intent.action.QUICKBOOT_POWERON" />
243-->[com.onesignal:OneSignal:4.8.5] AndroidManifest.xml:110:17-82
243-->[com.onesignal:OneSignal:4.8.5] AndroidManifest.xml:110:25-79
244            </intent-filter>
245        </receiver>
246        <receiver
246-->[com.onesignal:OneSignal:4.8.5] AndroidManifest.xml:113:9-119:20
247            android:name="com.onesignal.UpgradeReceiver"
247-->[com.onesignal:OneSignal:4.8.5] AndroidManifest.xml:114:13-57
248            android:exported="true" >
248-->[com.onesignal:OneSignal:4.8.5] AndroidManifest.xml:115:13-36
249            <intent-filter>
249-->[com.onesignal:OneSignal:4.8.5] AndroidManifest.xml:116:13-118:29
250                <action android:name="android.intent.action.MY_PACKAGE_REPLACED" />
250-->[com.onesignal:OneSignal:4.8.5] AndroidManifest.xml:117:17-84
250-->[com.onesignal:OneSignal:4.8.5] AndroidManifest.xml:117:25-81
251            </intent-filter>
252        </receiver>
253
254        <activity
254-->[com.onesignal:OneSignal:4.8.5] AndroidManifest.xml:121:9-127:75
255            android:name="com.onesignal.NotificationOpenedReceiver"
255-->[com.onesignal:OneSignal:4.8.5] AndroidManifest.xml:122:13-68
256            android:excludeFromRecents="true"
256-->[com.onesignal:OneSignal:4.8.5] AndroidManifest.xml:123:13-46
257            android:exported="true"
257-->[com.onesignal:OneSignal:4.8.5] AndroidManifest.xml:124:13-36
258            android:noHistory="true"
258-->[com.onesignal:OneSignal:4.8.5] AndroidManifest.xml:125:13-37
259            android:taskAffinity=""
259-->[com.onesignal:OneSignal:4.8.5] AndroidManifest.xml:126:13-36
260            android:theme="@android:style/Theme.Translucent.NoTitleBar" />
260-->[com.onesignal:OneSignal:4.8.5] AndroidManifest.xml:127:13-72
261        <activity
261-->[com.onesignal:OneSignal:4.8.5] AndroidManifest.xml:128:9-133:75
262            android:name="com.onesignal.NotificationOpenedReceiverAndroid22AndOlder"
262-->[com.onesignal:OneSignal:4.8.5] AndroidManifest.xml:129:13-85
263            android:excludeFromRecents="true"
263-->[com.onesignal:OneSignal:4.8.5] AndroidManifest.xml:130:13-46
264            android:exported="true"
264-->[com.onesignal:OneSignal:4.8.5] AndroidManifest.xml:131:13-36
265            android:noHistory="true"
265-->[com.onesignal:OneSignal:4.8.5] AndroidManifest.xml:132:13-37
266            android:theme="@android:style/Theme.Translucent.NoTitleBar" />
266-->[com.onesignal:OneSignal:4.8.5] AndroidManifest.xml:133:13-72
267
268        <uses-library
268-->[androidx.window:window:1.0.0-beta04] AndroidManifest.xml:25:9-27:40
269            android:name="androidx.window.extensions"
269-->[androidx.window:window:1.0.0-beta04] AndroidManifest.xml:26:13-54
270            android:required="false" />
270-->[androidx.window:window:1.0.0-beta04] AndroidManifest.xml:27:13-37
271        <uses-library
271-->[androidx.window:window:1.0.0-beta04] AndroidManifest.xml:28:9-30:40
272            android:name="androidx.window.sidecar"
272-->[androidx.window:window:1.0.0-beta04] AndroidManifest.xml:29:13-51
273            android:required="false" />
273-->[androidx.window:window:1.0.0-beta04] AndroidManifest.xml:30:13-37
274
275        <receiver
275-->[com.google.firebase:firebase-messaging:23.2.0] AndroidManifest.xml:31:9-38:20
276            android:name="com.google.firebase.iid.FirebaseInstanceIdReceiver"
276-->[com.google.firebase:firebase-messaging:23.2.0] AndroidManifest.xml:32:13-78
277            android:exported="true"
277-->[com.google.firebase:firebase-messaging:23.2.0] AndroidManifest.xml:33:13-36
278            android:permission="com.google.android.c2dm.permission.SEND" >